{"level":"info","message":"Server running in development mode on port 5000","service":"cosmic-insights-api","timestamp":"2025-10-10 11:47:13"}
{"0":"c","1":"o","10":"O","11":"N","12":"N","13":"R","14":"E","15":"F","16":"U","17":"S","18":"E","19":"D","2":"n","20":" ","21":"1","22":"2","23":"7","24":".","25":"0","26":".","27":"0","28":".","29":"1","3":"n","30":":","31":"2","32":"7","33":"0","34":"1","35":"7","4":"e","5":"c","6":"t","7":" ","8":"E","9":"C","level":"error","message":"Error connecting to MongoDB:","service":"cosmic-insights-api","timestamp":"2025-10-10 11:47:18"}
{"level":"info","message":"Server running in development mode on port 5000","service":"cosmic-insights-api","timestamp":"2025-10-10 12:24:37"}
{"0":"c","1":"o","10":"O","11":"N","12":"N","13":"R","14":"E","15":"F","16":"U","17":"S","18":"E","19":"D","2":"n","20":" ","21":"1","22":"2","23":"7","24":".","25":"0","26":".","27":"0","28":".","29":"1","3":"n","30":":","31":"2","32":"7","33":"0","34":"1","35":"7","4":"e","5":"c","6":"t","7":" ","8":"E","9":"C","level":"error","message":"Error connecting to MongoDB:","service":"cosmic-insights-api","timestamp":"2025-10-10 12:24:42"}
{"level":"info","message":"Server running in development mode on port 5000","service":"cosmic-insights-api","timestamp":"2025-10-11 21:06:24"}
{"level":"info","message":"MongoDB Connected: mongodb","service":"cosmic-insights-api","timestamp":"2025-10-11 21:06:24"}
{"attempts":1,"email":"test@cosmicinsights.com","event":"login_failed","level":"info","message":"Auth Event","reason":"invalid_password","service":"cosmic-insights-api","timestamp":"2025-10-11T21:08:05.320Z","userId":"68eac6c79bb78e887ece5f48"}
{"level":"info","message":"SIGTERM received. Shutting down gracefully...","service":"cosmic-insights-api","timestamp":"2025-10-11 21:22:17"}
{"level":"info","message":"Process terminated","service":"cosmic-insights-api","timestamp":"2025-10-11 21:22:17"}
{"level":"info","message":"Server running in development mode on port 5000","service":"cosmic-insights-api","timestamp":"2025-10-11 21:22:32"}
{"level":"info","message":"MongoDB Connected: mongodb","service":"cosmic-insights-api","timestamp":"2025-10-11 21:22:32"}
{"level":"info","message":"SIGTERM received. Shutting down gracefully...","service":"cosmic-insights-api","timestamp":"2025-10-11 21:46:47"}
{"level":"info","message":"Process terminated","service":"cosmic-insights-api","timestamp":"2025-10-11 21:46:47"}
{"level":"warn","message":"Mongoose disconnected from MongoDB","service":"cosmic-insights-api","timestamp":"2025-10-11 21:46:47"}
{"level":"info","message":"Server running in development mode on port 5000","service":"cosmic-insights-api","timestamp":"2025-10-11 21:47:06"}
{"level":"info","message":"MongoDB Connected: mongodb","service":"cosmic-insights-api","timestamp":"2025-10-11 21:47:06"}
{"level":"info","message":"SIGTERM received. Shutting down gracefully...","service":"cosmic-insights-api","timestamp":"2025-10-11 22:03:05"}
{"level":"info","message":"Process terminated","service":"cosmic-insights-api","timestamp":"2025-10-11 22:03:05"}
{"level":"info","message":"Server running in development mode on port 5000","service":"cosmic-insights-api","timestamp":"2025-10-11 22:03:07"}
{"level":"info","message":"MongoDB Connected: mongodb","service":"cosmic-insights-api","timestamp":"2025-10-11 22:03:07"}
{"level":"info","message":"SIGTERM received. Shutting down gracefully...","service":"cosmic-insights-api","timestamp":"2025-10-11 23:34:13"}
{"level":"info","message":"Process terminated","service":"cosmic-insights-api","timestamp":"2025-10-11 23:34:13"}
